<?xml version="1.0" encoding="UTF-8"?>
<testsuite name="com.group.libraryapp.calculator.CalculatorTest" tests="5" skipped="0" failures="0" errors="0" timestamp="2024-02-16T07:26:17" hostname="gimjun-uui-MacBookPro-6.local" time="0.088">
  <properties/>
  <testcase name="divideTest()" classname="com.group.libraryapp.calculator.CalculatorTest" time="0.066"/>
  <testcase name="addTest()" classname="com.group.libraryapp.calculator.CalculatorTest" time="0.003"/>
  <testcase name="multiplyTest()" classname="com.group.libraryapp.calculator.CalculatorTest" time="0.002"/>
  <testcase name="divideExceptionTest()" classname="com.group.libraryapp.calculator.CalculatorTest" time="0.007"/>
  <testcase name="minusTest()" classname="com.group.libraryapp.calculator.CalculatorTest" time="0.001"/>
  <system-out><![CDATA[]]></system-out>
  <system-err><![CDATA[]]></system-err>
</testsuite>
